This is pdfTeX, Version 3.14159265-2.6-1.40.16 (TeX Live 2015/Debian) (preloaded format=pdflatex 2019.3.29)  9 JUN 2019 19:05
entering extended mode
 restricted \write18 enabled.
 %&-line parsing enabled.
**"capstone task 3.tex"
(./capstone task 3.tex
LaTeX2e <2016/02/01>
Babel <3.9q> and hyphenation patterns for 3 language(s) loaded.
(/usr/share/texlive/texmf-dist/tex/latex/base/article.cls
Document Class: article 2014/09/29 v1.4h Standard LaTeX document class
(/usr/share/texlive/texmf-dist/tex/latex/base/size12.clo
File: size12.clo 2014/09/29 v1.4h Standard LaTeX file (size option)
)
\c@part=\count79
\c@section=\count80
\c@subsection=\count81
\c@subsubsection=\count82
\c@paragraph=\count83
\c@subparagraph=\count84
\c@figure=\count85
\c@table=\count86
\abovecaptionskip=\skip41
\belowcaptionskip=\skip42
\bibindent=\dimen102
)
(/usr/share/texlive/texmf-dist/tex/latex/natbib/natbib.sty
Package: natbib 2010/09/13 8.31b (PWD, AO)
\bibhang=\skip43
\bibsep=\skip44
LaTeX Info: Redefining \cite on input line 694.
\c@NAT@ctr=\count87
)
(/usr/share/texlive/texmf-dist/tex/latex/booktabs/booktabs.sty
Package: booktabs 2005/04/14 v1.61803 publication quality tables
\heavyrulewidth=\dimen103
\lightrulewidth=\dimen104
\cmidrulewidth=\dimen105
\belowrulesep=\dimen106
\belowbottomsep=\dimen107
\aboverulesep=\dimen108
\abovetopsep=\dimen109
\cmidrulesep=\dimen110
\cmidrulekern=\dimen111
\defaultaddspace=\dimen112
\@cmidla=\count88
\@cmidlb=\count89
\@aboverulesep=\dimen113
\@belowrulesep=\dimen114
\@thisruleclass=\count90
\@lastruleclass=\count91
\@thisrulewidth=\dimen115
)
(/usr/share/texlive/texmf-dist/tex/latex/graphics/graphicx.sty
Package: graphicx 2014/10/28 v1.0g Enhanced LaTeX Graphics (DPC,SPQR)

(/usr/share/texlive/texmf-dist/tex/latex/graphics/keyval.sty
Package: keyval 2014/10/28 v1.15 key=value parser (DPC)
\KV@toks@=\toks14
)
(/usr/share/texlive/texmf-dist/tex/latex/graphics/graphics.sty
Package: graphics 2016/01/03 v1.0q Standard LaTeX Graphics (DPC,SPQR)

(/usr/share/texlive/texmf-dist/tex/latex/graphics/trig.sty
Package: trig 2016/01/03 v1.10 sin cos tan (DPC)
)
(/usr/share/texlive/texmf-dist/tex/latex/latexconfig/graphics.cfg
File: graphics.cfg 2010/04/23 v1.9 graphics configuration of TeX Live
)
Package graphics Info: Driver file: pdftex.def on input line 95.

(/usr/share/texlive/texmf-dist/tex/latex/pdftex-def/pdftex.def
File: pdftex.def 2011/05/27 v0.06d Graphics/color for pdfTeX

(/usr/share/texlive/texmf-dist/tex/generic/oberdiek/infwarerr.sty
Package: infwarerr 2010/04/08 v1.3 Providing info/warning/error messages (HO)
)
(/usr/share/texlive/texmf-dist/tex/generic/oberdiek/ltxcmds.sty
Package: ltxcmds 2011/11/09 v1.22 LaTeX kernel commands for general use (HO)
)
\Gread@gobject=\count92
))
\Gin@req@height=\dimen116
\Gin@req@width=\dimen117
)
(/usr/share/texlive/texmf-dist/tex/latex/pdfpages/pdfpages.sty
Package: pdfpages 2015/09/18 v0.5d Insert pages of external PDF documents (AM)

(/usr/share/texlive/texmf-dist/tex/latex/base/ifthen.sty
Package: ifthen 2014/09/29 v1.1c Standard LaTeX ifthen package (DPC)
)
(/usr/share/texlive/texmf-dist/tex/latex/tools/calc.sty
Package: calc 2014/10/28 v4.3 Infix arithmetic (KKT,FJ)
\calc@Acount=\count93
\calc@Bcount=\count94
\calc@Adimen=\dimen118
\calc@Bdimen=\dimen119
\calc@Askip=\skip45
\calc@Bskip=\skip46
LaTeX Info: Redefining \setlength on input line 80.
LaTeX Info: Redefining \addtolength on input line 81.
\calc@Ccount=\count95
\calc@Cskip=\skip47
)
(/usr/share/texlive/texmf-dist/tex/latex/eso-pic/eso-pic.sty
Package: eso-pic 2015/07/21 v2.0g eso-pic (RN)

(/usr/share/texlive/texmf-dist/tex/generic/oberdiek/atbegshi.sty
Package: atbegshi 2011/10/05 v1.16 At begin shipout hook (HO)

(/usr/share/texlive/texmf-dist/tex/generic/oberdiek/ifpdf.sty
Package: ifpdf 2011/01/30 v2.3 Provides the ifpdf switch (HO)
Package ifpdf Info: pdfTeX in PDF mode is detected.
))
(/usr/share/texlive/texmf-dist/tex/latex/xcolor/xcolor.sty
Package: xcolor 2007/01/21 v2.11 LaTeX color extensions (UK)

(/usr/share/texlive/texmf-dist/tex/latex/latexconfig/color.cfg
File: color.cfg 2007/01/18 v1.5 color configuration of teTeX/TeXLive
)
Package xcolor Info: Driver file: pdftex.def on input line 225.
Package xcolor Info: Model `cmy' substituted by `cmy0' on input line 1337.
Package xcolor Info: Model `hsb' substituted by `rgb' on input line 1341.
Package xcolor Info: Model `RGB' extended on input line 1353.
Package xcolor Info: Model `HTML' substituted by `rgb' on input line 1355.
Package xcolor Info: Model `Hsb' substituted by `hsb' on input line 1356.
Package xcolor Info: Model `tHsb' substituted by `hsb' on input line 1357.
Package xcolor Info: Model `HSB' substituted by `hsb' on input line 1358.
Package xcolor Info: Model `Gray' substituted by `gray' on input line 1359.
Package xcolor Info: Model `wave' substituted by `hsb' on input line 1360.
))
\AM@pagewidth=\dimen120
\AM@pageheight=\dimen121

(/usr/share/texlive/texmf-dist/tex/latex/pdfpages/pppdftex.def
File: pppdftex.def 2015/09/18 v0.5d Pdfpages driver for pdfTeX (AM)
)
\AM@pagebox=\box26
\AM@toc@title=\toks15
\c@AM@survey=\count96
\AM@templatesizebox=\box27
)

LaTeX Warning: Unused global option(s):
    [A4].

(./capstone task 3.aux)
\openout1 = `"capstone task 3.aux"'.

LaTeX Font Info:    Checking defaults for OML/cmm/m/it on input line 13.
LaTeX Font Info:    ... okay on input line 13.
LaTeX Font Info:    Checking defaults for T1/cmr/m/n on input line 13.
LaTeX Font Info:    ... okay on input line 13.
LaTeX Font Info:    Checking defaults for OT1/cmr/m/n on input line 13.
LaTeX Font Info:    ... okay on input line 13.
LaTeX Font Info:    Checking defaults for OMS/cmsy/m/n on input line 13.
LaTeX Font Info:    ... okay on input line 13.
LaTeX Font Info:    Checking defaults for OMX/cmex/m/n on input line 13.
LaTeX Font Info:    ... okay on input line 13.
LaTeX Font Info:    Checking defaults for U/cmr/m/n on input line 13.
LaTeX Font Info:    ... okay on input line 13.

(/usr/share/texlive/texmf-dist/tex/context/base/supp-pdf.mkii
[Loading MPS to PDF converter (version 2006.09.02).]
\scratchcounter=\count97
\scratchdimen=\dimen122
\scratchbox=\box28
\nofMPsegments=\count98
\nofMParguments=\count99
\everyMPshowfont=\toks16
\MPscratchCnt=\count100
\MPscratchDim=\dimen123
\MPnumerator=\count101
\makeMPintoPDFobject=\count102
\everyMPtoPDFconversion=\toks17
) (/usr/share/texlive/texmf-dist/tex/generic/oberdiek/pdftexcmds.sty
Package: pdftexcmds 2011/11/29 v0.20 Utility functions of pdfTeX for LuaTeX (HO
)

(/usr/share/texlive/texmf-dist/tex/generic/oberdiek/ifluatex.sty
Package: ifluatex 2010/03/01 v1.3 Provides the ifluatex switch (HO)
Package ifluatex Info: LuaTeX not detected.
)
Package pdftexcmds Info: LuaTeX not detected.
Package pdftexcmds Info: \pdf@primitive is available.
Package pdftexcmds Info: \pdf@ifprimitive is available.
Package pdftexcmds Info: \pdfdraftmode found.
)
(/usr/share/texlive/texmf-dist/tex/latex/oberdiek/epstopdf-base.sty
Package: epstopdf-base 2010/02/09 v2.5 Base part for package epstopdf

(/usr/share/texlive/texmf-dist/tex/latex/oberdiek/grfext.sty
Package: grfext 2010/08/19 v1.1 Manage graphics extensions (HO)

(/usr/share/texlive/texmf-dist/tex/generic/oberdiek/kvdefinekeys.sty
Package: kvdefinekeys 2011/04/07 v1.3 Define keys (HO)
))
(/usr/share/texlive/texmf-dist/tex/latex/oberdiek/kvoptions.sty
Package: kvoptions 2011/06/30 v3.11 Key value format for package options (HO)

(/usr/share/texlive/texmf-dist/tex/generic/oberdiek/kvsetkeys.sty
Package: kvsetkeys 2012/04/25 v1.16 Key value parser (HO)

(/usr/share/texlive/texmf-dist/tex/generic/oberdiek/etexcmds.sty
Package: etexcmds 2011/02/16 v1.5 Avoid name clashes with e-TeX commands (HO)
Package etexcmds Info: Could not find \expanded.
(etexcmds)             That can mean that you are not using pdfTeX 1.50 or
(etexcmds)             that some package has redefined \expanded.
(etexcmds)             In the latter case, load this package earlier.
)))
Package grfext Info: Graphics extension search list:
(grfext)             [.png,.pdf,.jpg,.mps,.jpeg,.jbig2,.jb2,.PNG,.PDF,.JPG,.JPE
G,.JBIG2,.JB2,.eps]
(grfext)             \AppendGraphicsExtensions on input line 452.

(/usr/share/texlive/texmf-dist/tex/latex/latexconfig/epstopdf-sys.cfg
File: epstopdf-sys.cfg 2010/07/13 v1.3 Configuration of (r)epstopdf for TeX Liv
e
))
\AtBeginShipoutBox=\box29

(/usr/share/texlive/texmf-dist/tex/latex/oberdiek/pdflscape.sty
Package: pdflscape 2008/08/11 v0.10 Display of landscape pages in PDF (HO)

(/usr/share/texlive/texmf-dist/tex/latex/graphics/lscape.sty
Package: lscape 2000/10/22 v3.01 Landscape Pages (DPC)
)
Package pdflscape Info: Auto-detected driver: pdftex on input line 80.

(/usr/share/texlive/texmf-dist/tex/generic/ifxetex/ifxetex.sty
Package: ifxetex 2010/09/12 v0.6 Provides ifxetex conditional
))
LaTeX Font Info:    External font `cmex10' loaded for size
(Font)              <14.4> on input line 14.
LaTeX Font Info:    External font `cmex10' loaded for size
(Font)              <7> on input line 14.


LaTeX Warning: No \author given.

[1

{/var/lib/texmf/fonts/map/pdftex/updmap/pdftex.map}] (./capstone task 3.toc
LaTeX Font Info:    External font `cmex10' loaded for size
(Font)              <12> on input line 5.
LaTeX Font Info:    External font `cmex10' loaded for size
(Font)              <8> on input line 5.
LaTeX Font Info:    External font `cmex10' loaded for size
(Font)              <6> on input line 5.

[2])
\tf@toc=\write3
\openout3 = `"capstone task 3.toc"'.

 [3]
Underfull \hbox (badness 10000) in paragraph at lines 49--50

 []

Missing character: There is no ‚ in font cmr12!
Missing character: There is no Ä in font cmr12!
Missing character: There is no ù in font cmr12!

Underfull \hbox (badness 10000) in paragraph at lines 51--54

 []

<pictures/fireant_raft.jpg, id=15, 627.34375pt x 353.32pt>
File: pictures/fireant_raft.jpg Graphic file (type jpg)

<use pictures/fireant_raft.jpg>
Package pdftex.def Info: pictures/fireant_raft.jpg used on input line 57.
(pdftex.def)             Requested size: 390.0pt x 219.65456pt.

Underfull \hbox (badness 10000) in paragraph at lines 61--62

 []

[4 <./pictures/fireant_raft.jpg>]
Underfull \hbox (badness 10000) in paragraph at lines 63--64

 []


Underfull \hbox (badness 10000) in paragraph at lines 67--68

 []


Underfull \hbox (badness 10000) in paragraph at lines 69--70

 []

[5]
Missing character: There is no ‚ in font cmr12!
Missing character: There is no Ä in font cmr12!
Missing character: There is no ô in font cmr12!

Underfull \hbox (badness 10000) in paragraph at lines 71--72

 []


Underfull \hbox (badness 10000) in paragraph at lines 73--74

 []


Underfull \hbox (badness 10000) in paragraph at lines 83--83
[]\OT1/cmr/m/n/12 Jorgensen
 []


Underfull \hbox (badness 1675) in paragraph at lines 84--84
[]\OT1/cmr/m/n/12 Murata et
 []


Underfull \hbox (badness 10000) in paragraph at lines 85--85
[]\OT1/cmr/m/n/12 Autonomou
 []


Underfull \hbox (badness 10000) in paragraph at lines 86--86
[]\OT1/cmr/m/n/12 Kurokawa
 []


Underfull \hbox (badness 10000) in paragraph at lines 87--87
[]\OT1/cmr/m/n/12 Oung &
 []


Underfull \hbox (badness 10000) in paragraph at lines 87--87
[]\OT1/cmr/m/n/12 Distributed
 []


Underfull \hbox (badness 10000) in paragraph at lines 88--88
[]\OT1/cmr/m/n/12 Four Neodymium Iron
 []


Overfull \hbox (21.5904pt too wide) in paragraph at lines 79--90
 [][] 
 []

[6]
Underfull \hbox (badness 10000) in paragraph at lines 92--93

 []


Underfull \hbox (badness 10000) in paragraph at lines 98--99

 []

[7]
Underfull \hbox (badness 10000) in paragraph at lines 100--107

 []


Underfull \hbox (badness 10000) in paragraph at lines 108--109

 []


Underfull \hbox (badness 10000) in paragraph at lines 110--117

 []


Underfull \hbox (badness 10000) in paragraph at lines 118--119

 []

[8]
Underfull \hbox (badness 10000) in paragraph at lines 132--133

 []


Underfull \hbox (badness 10000) in paragraph at lines 134--135

 []

LaTeX Font Info:    Try loading font information for OMS+cmr on input line 139.

(/usr/share/texlive/texmf-dist/tex/latex/base/omscmr.fd
File: omscmr.fd 2014/09/29 v2.5h Standard LaTeX font definitions
)
LaTeX Font Info:    Font shape `OMS/cmr/m/n' in size <12> not available
(Font)              Font shape `OMS/cmsy/m/n' tried instead on input line 139.
 [9]
Underfull \hbox (badness 10000) in paragraph at lines 146--147

 []


Underfull \hbox (badness 10000) in paragraph at lines 148--149

 []


Underfull \hbox (badness 1533) in paragraph at lines 153--154
\OT1/cmr/m/n/12 Op-er-at-ing Sys-tem (ROS). Gazebo sim-u-la-tion has more ad-va
nce
 []


Underfull \hbox (badness 10000) in paragraph at lines 153--154

 []


Underfull \hbox (badness 10000) in paragraph at lines 155--156

 []

<pictures/gazebo_quad_cam.png, id=37, 1268.74pt x 873.2625pt>
File: pictures/gazebo_quad_cam.png Graphic file (type png)

<use pictures/gazebo_quad_cam.png>
Package pdftex.def Info: pictures/gazebo_quad_cam.png used on input line 160.
(pdftex.def)             Requested size: 341.43306pt x 234.99785pt.


LaTeX Warning: `!h' float specifier changed to `!ht'.


Underfull \hbox (badness 10000) in paragraph at lines 166--167

 []

[10]
Underfull \hbox (badness 10000) in paragraph at lines 169--170

 []


Underfull \hbox (badness 10000) in paragraph at lines 171--172

 []

[11 <./pictures/gazebo_quad_cam.png>]
Underfull \hbox (badness 10000) in paragraph at lines 175--176

 []


Underfull \hbox (badness 10000) in paragraph at lines 177--178

 []


Underfull \hbox (badness 10000) in paragraph at lines 189--190

 []

[12]
Underfull \hbox (badness 10000) in paragraph at lines 191--192

 []


Underfull \hbox (badness 10000) in paragraph at lines 193--194

 []


Underfull \hbox (badness 10000) in paragraph at lines 195--196

 []


Underfull \hbox (badness 10000) in paragraph at lines 197--198

 []


Underfull \hbox (badness 10000) in paragraph at lines 201--202

 []

[13]
Underfull \hbox (badness 10000) in paragraph at lines 203--204

 []


Underfull \hbox (badness 10000) in paragraph at lines 205--206

 []


Underfull \hbox (badness 10000) in paragraph at lines 211--212

 []


Underfull \hbox (badness 10000) in paragraph at lines 213--214

 []

[14]
Underfull \hbox (badness 10000) in paragraph at lines 215--216

 []


Underfull \hbox (badness 10000) in paragraph at lines 217--218

 []


Underfull \hbox (badness 10000) in paragraph at lines 221--222

 []

<pictures/timeline.png, id=56, 1208.515pt x 296.10625pt>
File: pictures/timeline.png Graphic file (type png)

<use pictures/timeline.png>
Package pdftex.def Info: pictures/timeline.png used on input line 225.
(pdftex.def)             Requested size: 390.0pt x 95.55565pt.

Underfull \hbox (badness 10000) in paragraph at lines 229--230

 []

[15 <./pictures/timeline.png>]
Underfull \hbox (badness 10000) in paragraph at lines 231--232

 []


Underfull \hbox (badness 10000) in paragraph at lines 236--237

 []


Underfull \hbox (badness 10000) in paragraph at lines 238--239

 []


Underfull \hbox (badness 10000) in paragraph at lines 240--241

 []

[16]
Underfull \hbox (badness 10000) in paragraph at lines 251--252

 []


Underfull \hbox (badness 10000) in paragraph at lines 253--254

 []


Underfull \hbox (badness 10000) in paragraph at lines 255--256

 []


Underfull \hbox (badness 10000) in paragraph at lines 266--267

 []


Underfull \hbox (badness 10000) in paragraph at lines 268--269

 []

[17]
Underfull \hbox (badness 10000) in paragraph at lines 270--271

 []


Underfull \hbox (badness 10000) in paragraph at lines 272--273

 []


Underfull \hbox (badness 10000) in paragraph at lines 282--283

 []


Underfull \hbox (badness 10000) in paragraph at lines 284--285

 []

[18]
Underfull \hbox (badness 10000) in paragraph at lines 286--287

 []


Underfull \hbox (badness 10000) in paragraph at lines 296--297

 []


Underfull \hbox (badness 10000) in paragraph at lines 298--299

 []


Underfull \hbox (badness 10000) in paragraph at lines 300--301

 []

[19]
Underfull \hbox (badness 10000) in paragraph at lines 311--312

 []


Underfull \hbox (badness 10000) in paragraph at lines 313--314

 []


Underfull \hbox (badness 10000) in paragraph at lines 317--318

 []


Underfull \hbox (badness 10000) in paragraph at lines 323--324

 []

[20]
Underfull \hbox (badness 10000) in paragraph at lines 325--326

 []


Underfull \hbox (badness 10000) in paragraph at lines 331--332

 []


Underfull \hbox (badness 10000) in paragraph at lines 333--334

 []


Underfull \hbox (badness 10000) in paragraph at lines 335--336

 []

[21]
Underfull \hbox (badness 10000) in paragraph at lines 339--340

 []

<pictures/communication_plan.png, id=79, 1279.78125pt x 372.39125pt>
File: pictures/communication_plan.png Graphic file (type png)

<use pictures/communication_plan.png>
Package pdftex.def Info: pictures/communication_plan.png used on input line 342
.
(pdftex.def)             Requested size: 390.0pt x 113.47972pt.

Overfull \hbox (12.95554pt too wide) in paragraph at lines 346--347
[]\OT1/cmr/m/n/12 The pri-mary re-cip-i-ent in the com-mu-ni-ca-tion plan is th
e project co-supervisor
 []


Underfull \hbox (badness 10000) in paragraph at lines 346--347

 []

[22 <./pictures/communication_plan.png>]
<pictures/quadcopter_simulation.png, id=83, 1659.19875pt x 1040.88875pt>
File: pictures/quadcopter_simulation.png Graphic file (type png)

<use pictures/quadcopter_simulation.png>
Package pdftex.def Info: pictures/quadcopter_simulation.png used on input line 
357.
(pdftex.def)             Requested size: 426.79134pt x 267.73404pt.

Overfull \hbox (36.79134pt too wide) in paragraph at lines 357--358
[][] 
 []


Underfull \hbox (badness 10000) in paragraph at lines 364--365

 []

<pictures/attach_cube.png, id=84, 1927.2pt x 1084.05pt>
File: pictures/attach_cube.png Graphic file (type png)

<use pictures/attach_cube.png>
Package pdftex.def Info: pictures/attach_cube.png used on input line 367.
(pdftex.def)             Requested size: 390.0pt x 219.37006pt.


LaTeX Warning: `!h' float specifier changed to `!ht'.

[23 <./pictures/quadcopter_simulation.png>] [24 <./pictures/attach_cube.png>]

pdfTeX warning: /usr/bin/pdflatex (file ./pictures/gantt_chart.pdf): PDF inclus
ion: found PDF version <1.7>, but at most version <1.5> allowed
<pictures/gantt_chart.pdf, id=91, 845.07724pt x 1194.98447pt>
File: pictures/gantt_chart.pdf Graphic file (type pdf)

<use pictures/gantt_chart.pdf>
Package pdftex.def Info: pictures/gantt_chart.pdf used on input line 381.
(pdftex.def)             Requested size: 845.07518pt x 1194.98155pt.


pdfTeX warning: /usr/bin/pdflatex (file ./pictures/gantt_chart.pdf): PDF inclus
ion: found PDF version <1.7>, but at most version <1.5> allowed
File: pictures/gantt_chart.pdf Graphic file (type pdf)
<use pictures/gantt_chart.pdf>
Package pdftex.def Info: pictures/gantt_chart.pdf used on input line 381.
(pdftex.def)             Requested size: 845.07518pt x 1194.98155pt.


pdfTeX warning: /usr/bin/pdflatex (file ./pictures/gantt_chart.pdf): PDF inclus
ion: found PDF version <1.7>, but at most version <1.5> allowed


pdfTeX warning: /usr/bin/pdflatex (file ./pictures/gantt_chart.pdf): PDF inclus
ion: found PDF version <1.7>, but at most version <1.5> allowed
<pictures/gantt_chart.pdf, id=94, page=1, 845.07724pt x 1194.98447pt>
File: pictures/gantt_chart.pdf Graphic file (type pdf)

<use pictures/gantt_chart.pdf, page 1>
Package pdftex.def Info: pictures/gantt_chart.pdf, page1 used on input line 381
.
(pdftex.def)             Requested size: 331.50238pt x 468.75893pt.
File: pictures/gantt_chart.pdf Graphic file (type pdf)
 <use pictures/gantt_chart.pdf, page 1>
Package pdftex.def Info: pictures/gantt_chart.pdf, page1 used on input line 381
.
(pdftex.def)             Requested size: 1435.47758pt x 2029.84216pt.
File: pictures/gantt_chart.pdf Graphic file (type pdf)

<use pictures/gantt_chart.pdf, page 1>
Package pdftex.def Info: pictures/gantt_chart.pdf, page1 used on input line 381
.
(pdftex.def)             Requested size: 1435.47758pt x 2029.84216pt.
File: pictures/gantt_chart.pdf Graphic file (type pdf)
 <use pictures/gantt_chart.pdf, page 1>
Package pdftex.def Info: pictures/gantt_chart.pdf, page1 used on input line 381
.
(pdftex.def)             Requested size: 1435.47758pt x 2029.84216pt.
File: pictures/gantt_chart.pdf Graphic file (type pdf)

<use pictures/gantt_chart.pdf, page 1>
Package pdftex.def Info: pictures/gantt_chart.pdf, page1 used on input line 385
.
(pdftex.def)             Requested size: 1435.47758pt x 2029.84216pt.
 [25 <./pictures/gantt_chart.pdf>]
File: pictures/gantt_chart.pdf Graphic file (type pdf)

<use pictures/gantt_chart.pdf>
Package pdftex.def Info: pictures/gantt_chart.pdf used on input line 387.
(pdftex.def)             Requested size: 845.07518pt x 1194.98155pt.


pdfTeX warning: /usr/bin/pdflatex (file ./pictures/gantt_chart.pdf): PDF inclus
ion: found PDF version <1.7>, but at most version <1.5> allowed
File: pictures/gantt_chart.pdf Graphic file (type pdf)
<use pictures/gantt_chart.pdf>
Package pdftex.def Info: pictures/gantt_chart.pdf used on input line 387.
(pdftex.def)             Requested size: 845.07518pt x 1194.98155pt.


pdfTeX warning: /usr/bin/pdflatex (file ./pictures/gantt_chart.pdf): PDF inclus
ion: found PDF version <1.7>, but at most version <1.5> allowed


pdfTeX warning: /usr/bin/pdflatex (file ./pictures/gantt_chart.pdf): PDF inclus
ion: found PDF version <1.7>, but at most version <1.5> allowed
<pictures/gantt_chart.pdf, id=148, page=2, 845.07724pt x 1194.98447pt>
File: pictures/gantt_chart.pdf Graphic file (type pdf)

<use pictures/gantt_chart.pdf, page 2>
Package pdftex.def Info: pictures/gantt_chart.pdf, page2 used on input line 387
.
(pdftex.def)             Requested size: 331.50238pt x 468.75893pt.
File: pictures/gantt_chart.pdf Graphic file (type pdf)
 <use pictures/gantt_chart.pdf, page 2>
Package pdftex.def Info: pictures/gantt_chart.pdf, page2 used on input line 387
.
(pdftex.def)             Requested size: 1435.47758pt x 2029.84216pt.
File: pictures/gantt_chart.pdf Graphic file (type pdf)

<use pictures/gantt_chart.pdf, page 2>
Package pdftex.def Info: pictures/gantt_chart.pdf, page2 used on input line 387
.
(pdftex.def)             Requested size: 1435.47758pt x 2029.84216pt.
File: pictures/gantt_chart.pdf Graphic file (type pdf)
 <use pictures/gantt_chart.pdf, page 2>
Package pdftex.def Info: pictures/gantt_chart.pdf, page2 used on input line 387
.
(pdftex.def)             Requested size: 1435.47758pt x 2029.84216pt.

Overfull \hbox (17.62482pt too wide) in paragraph at lines 386--389
[]$[]$ 
 []

File: pictures/gantt_chart.pdf Graphic file (type pdf)
<use pictures/gantt_chart.pdf, page 2>
Package pdftex.def Info: pictures/gantt_chart.pdf, page2 used on input line 391
.
(pdftex.def)             Requested size: 1435.47758pt x 2029.84216pt.
 [26 <./pictures/gantt_chart.pdf>]
<pictures/sketches.jpg, id=166, 481.8pt x 645.41125pt>
File: pictures/sketches.jpg Graphic file (type jpg)

<use pictures/sketches.jpg>
Package pdftex.def Info: pictures/sketches.jpg used on input line 396.
(pdftex.def)             Requested size: 234.00238pt x 313.4574pt.
 [27 <./pictures/sketches.jpg>]
(./capstone task 3.bbl
Missing character: There is no ‚ in font cmr12!
Missing character: There is no Ä in font cmr12!
Missing character: There is no ô in font cmr12!
 [28]) [29] (./capstone task 3.aux) ) 
Here is how much of TeX's memory you used:
 3299 strings out of 494953
 47573 string characters out of 6180977
 114643 words of memory out of 5000000
 6528 multiletter control sequences out of 15000+600000
 9155 words of font info for 32 fonts, out of 8000000 for 9000
 14 hyphenation exceptions out of 8191
 38i,18n,47p,1299b,328s stack positions out of 5000i,500n,10000p,200000b,80000s
</usr/share/texlive/texmf-dist/fonts/type1
/public/amsfonts/cm/cmbx12.pfb></usr/share/texlive/texmf-dist/fonts/type1/publi
c/amsfonts/cm/cmr12.pfb></usr/share/texlive/texmf-dist/fonts/type1/public/amsfo
nts/cm/cmr17.pfb></usr/share/texlive/texmf-dist/fonts/type1/public/amsfonts/cm/
cmsy10.pfb></usr/share/texlive/texmf-dist/fonts/type1/public/amsfonts/cm/cmti12
.pfb>
Output written on "capstone task 3.pdf" (29 pages, 2494845 bytes).
PDF statistics:
 195 PDF objects out of 1000 (max. 8388607)
 111 compressed objects within 2 object streams
 0 named destinations out of 1000 (max. 500000)
 71 words of extra memory for PDF output out of 10000 (max. 10000000)

